{"C:\\SPA\\ts\\redux-ts-advanced-tests\\src\\app\\api.ts": {"path":"C:\\SPA\\ts\\redux-ts-advanced-tests\\src\\app\\api.ts","statementMap":{"0":{"start":{"line":12,"column":18},"end":{"line":12,"column":47}},"1":{"start":{"line":13,"column":19},"end":{"line":13,"column":33}},"2":{"start":{"line":14,"column":2},"end":{"line":14,"column":18}},"3":{"start":{"line":21,"column":19},"end":{"line":21,"column":70}},"4":{"start":{"line":22,"column":14},"end":{"line":22,"column":42}},"5":{"start":{"line":23,"column":2},"end":{"line":23,"column":19}},"6":{"start":{"line":24,"column":19},"end":{"line":27,"column":4}},"7":{"start":{"line":28,"column":15},"end":{"line":28,"column":36}},"8":{"start":{"line":29,"column":2},"end":{"line":31,"column":3}},"9":{"start":{"line":30,"column":4},"end":{"line":30,"column":32}},"10":{"start":{"line":32,"column":2},"end":{"line":32,"column":34}},"11":{"start":{"line":36,"column":14},"end":{"line":37,"column":45}},"12":{"start":{"line":37,"column":2},"end":{"line":37,"column":45}},"13":{"start":{"line":37,"column":23},"end":{"line":37,"column":44}}},"fnMap":{"0":{"name":"getProducts","decl":{"start":{"line":11,"column":22},"end":{"line":11,"column":33}},"loc":{"start":{"line":11,"column":56},"end":{"line":15,"column":1}},"line":11},"1":{"name":"checkout","decl":{"start":{"line":20,"column":22},"end":{"line":20,"column":30}},"loc":{"start":{"line":20,"column":76},"end":{"line":33,"column":1}},"line":20},"2":{"name":"(anonymous_2)","decl":{"start":{"line":36,"column":14},"end":{"line":36,"column":15}},"loc":{"start":{"line":37,"column":2},"end":{"line":37,"column":45}},"line":37},"3":{"name":"(anonymous_3)","decl":{"start":{"line":37,"column":14},"end":{"line":37,"column":15}},"loc":{"start":{"line":37,"column":23},"end":{"line":37,"column":44}},"line":37}},"branchMap":{"0":{"loc":{"start":{"line":21,"column":19},"end":{"line":21,"column":70}},"type":"cond-expr","locations":[{"start":{"line":21,"column":51},"end":{"line":21,"column":60}},{"start":{"line":21,"column":63},"end":{"line":21,"column":70}}],"line":21},"1":{"loc":{"start":{"line":29,"column":2},"end":{"line":31,"column":3}},"type":"if","locations":[{"start":{"line":29,"column":2},"end":{"line":31,"column":3}},{"start":{},"end":{}}],"line":29}},"s":{"0":0,"1":0,"2":0,"3":0,"4":0,"5":0,"6":0,"7":0,"8":0,"9":0,"10":0,"11":0,"12":0,"13":0},"f":{"0":0,"1":0,"2":0,"3":0},"b":{"0":[0,0],"1":[0,0]}}
}
