{"C:\\SPA\\ts\\redux-ts-advanced-tests\\src\\features\\products\\productsSlice.ts": {"path":"C:\\SPA\\ts\\redux-ts-advanced-tests\\src\\features\\products\\productsSlice.ts","statementMap":{"0":{"start":{"line":8,"column":36},"end":{"line":10,"column":1}},"1":{"start":{"line":12,"column":22},"end":{"line":23,"column":2}},"2":{"start":{"line":17,"column":23},"end":{"line":17,"column":37}},"3":{"start":{"line":18,"column":6},"end":{"line":20,"column":8}},"4":{"start":{"line":19,"column":8},"end":{"line":19,"column":45}},"5":{"start":{"line":25,"column":36},"end":{"line":25,"column":57}}},"fnMap":{"0":{"name":"(anonymous_0)","decl":{"start":{"line":16,"column":4},"end":{"line":16,"column":5}},"loc":{"start":{"line":16,"column":62},"end":{"line":21,"column":5}},"line":16},"1":{"name":"(anonymous_1)","decl":{"start":{"line":18,"column":23},"end":{"line":18,"column":24}},"loc":{"start":{"line":18,"column":34},"end":{"line":20,"column":7}},"line":18}},"branchMap":{},"s":{"0":1,"1":1,"2":5,"3":5,"4":20,"5":1},"f":{"0":5,"1":20},"b":{},"_coverageSchema":"1a1c01bbd47fc00a2c39e90264f33305004495a9","hash":"3adcf8ff7818fcfced07638ef26286fc3fe933dd"}
}
