TN:
SF:src\App.tsx
FN:8,App
FN:41,Home
FNF:2
FNH:0
FNDA:0,App
FNDA:0,Home
DA:9,0
DA:42,0
LF:2
LH:0
BRF:0
BRH:0
end_of_record
TN:
SF:src\main.tsx
FNF:0
FNH:0
DA:8,0
LF:1
LH:0
BRF:0
BRH:0
end_of_record
TN:
SF:src\app\api.ts
FN:11,getProducts
FN:20,checkout
FN:36,(anonymous_2)
FN:37,(anonymous_3)
FNF:4
FNH:0
FNDA:0,getProducts
FNDA:0,checkout
FNDA:0,(anonymous_2)
FNDA:0,(anonymous_3)
DA:12,0
DA:13,0
DA:14,0
DA:21,0
DA:22,0
DA:23,0
DA:24,0
DA:28,0
DA:29,0
DA:30,0
DA:32,0
DA:36,2
DA:37,0
LF:13
LH:1
BRDA:21,0,0,0
BRDA:21,0,1,0
BRDA:29,1,0,0
BRDA:29,1,1,0
BRF:4
BRH:0
end_of_record
TN:
SF:src\app\hooks.ts
FN:4,(anonymous_0)
FNF:1
FNH:1
FNDA:6,(anonymous_0)
DA:4,6
DA:5,2
LF:2
LH:2
BRF:0
BRH:0
end_of_record
TN:
SF:src\app\store.ts
FN:13,getStoreWithState
FNF:1
FNH:1
FNDA:11,getStoreWithState
DA:6,3
DA:11,3
DA:14,11
LF:3
LH:3
BRF:0
BRH:0
end_of_record
TN:
SF:src\features\test.utils.tsx
FN:9,renderComponent
FN:19,getStateWithItems
FNF:2
FNH:2
FNDA:6,renderComponent
FNDA:5,getStateWithItems
DA:10,6
DA:11,6
DA:16,6
DA:20,5
DA:28,5
LF:5
LH:5
BRDA:19,0,0,5
BRF:1
BRH:1
end_of_record
TN:
SF:src\features\cart\Cart.tsx
FN:12,Cart
FN:14,(anonymous_1)
FN:15,(anonymous_2)
FN:17,(anonymous_3)
FN:18,(anonymous_4)
FN:20,onQuantityChanged
FN:28,onCheckout
FN:52,(anonymous_7)
FN:60,(anonymous_8)
FN:66,(anonymous_9)
FNF:10
FNH:0
FNDA:0,Cart
FNDA:0,(anonymous_1)
FNDA:0,(anonymous_2)
FNDA:0,(anonymous_3)
FNDA:0,(anonymous_4)
FNDA:0,onQuantityChanged
FNDA:0,onCheckout
FNDA:0,(anonymous_7)
FNDA:0,(anonymous_8)
FNDA:0,(anonymous_9)
DA:13,0
DA:14,0
DA:15,0
DA:16,0
DA:17,0
DA:18,0
DA:24,0
DA:25,0
DA:29,0
DA:30,0
DA:33,0
DA:39,0
DA:53,0
DA:60,0
DA:66,0
LF:15
LH:0
BRDA:24,0,0,0
BRDA:24,0,1,0
BRDA:85,1,0,0
BRDA:85,1,1,0
BRDA:85,2,0,0
BRDA:85,2,1,0
BRF:6
BRH:0
end_of_record
TN:
SF:src\features\cart\CartLink.tsx
FN:7,CartLink
FNF:1
FNH:1
FNDA:6,CartLink
DA:8,6
DA:9,6
LF:2
LH:2
BRDA:12,0,0,2
BRDA:12,0,1,4
BRF:2
BRH:2
end_of_record
TN:
SF:src\features\cart\cartSlice.ts
FN:25,(anonymous_0)
FN:36,(anonymous_1)
FN:43,(anonymous_2)
FN:46,(anonymous_3)
FN:54,(anonymous_4)
FN:55,(anonymous_5)
FN:60,(anonymous_6)
FN:70,(anonymous_7)
FN:80,getNumItems
FN:90,(anonymous_9)
FN:91,(anonymous_10)
FN:102,(anonymous_11)
FN:103,(anonymous_12)
FN:104,(anonymous_13)
FNF:14
FNH:14
FNDA:9,(anonymous_0)
FNDA:4,(anonymous_1)
FNDA:2,(anonymous_2)
FNDA:2,(anonymous_3)
FNDA:3,(anonymous_4)
FNDA:5,(anonymous_5)
FNDA:2,(anonymous_6)
FNDA:3,(anonymous_7)
FNDA:2,getNumItems
FNDA:13,(anonymous_9)
FNDA:9,(anonymous_10)
FNDA:10,(anonymous_11)
FNDA:10,(anonymous_12)
FNDA:7,(anonymous_13)
DA:17,3
DA:23,3
DA:26,9
DA:27,9
DA:28,9
DA:29,4
DA:32,3
DA:37,4
DA:38,1
DA:40,3
DA:44,2
DA:50,2
DA:51,2
DA:55,3
DA:56,5
DA:58,3
DA:61,2
DA:62,2
DA:63,1
DA:64,1
DA:66,1
DA:70,3
DA:71,3
DA:72,3
DA:77,3
DA:81,2
DA:82,2
DA:83,2
DA:84,2
DA:86,2
DA:89,3
DA:90,13
DA:92,9
DA:93,9
DA:94,9
DA:95,9
DA:97,9
DA:101,3
DA:102,10
DA:103,10
DA:105,7
DA:106,7
DA:107,11
DA:109,7
LF:44
LH:44
BRDA:37,0,0,1
BRDA:37,0,1,3
BRDA:62,1,0,1
BRDA:62,1,1,1
BRDA:72,2,0,3
BRDA:72,2,1,1
BRF:6
BRH:6
end_of_record
TN:
SF:src\features\products\Products.tsx
FN:8,Products
FN:10,(anonymous_1)
FN:11,(anonymous_2)
FN:15,(anonymous_3)
FN:20,(anonymous_4)
FN:33,(anonymous_5)
FNF:6
FNH:6
FNDA:6,Products
FNDA:3,(anonymous_1)
FNDA:3,(anonymous_2)
FNDA:11,(anonymous_3)
FNDA:15,(anonymous_4)
FNDA:2,(anonymous_5)
DA:9,6
DA:10,6
DA:11,3
DA:12,3
DA:15,11
DA:17,6
DA:21,15
DA:33,2
LF:8
LH:8
BRF:0
BRH:0
end_of_record
TN:
SF:src\features\products\productsSlice.ts
FN:16,(anonymous_0)
FN:18,(anonymous_1)
FNF:2
FNH:2
FNDA:8,(anonymous_0)
FNDA:35,(anonymous_1)
DA:8,4
DA:12,4
DA:17,8
DA:18,8
DA:19,35
DA:25,4
LF:6
LH:6
BRF:0
BRH:0
end_of_record
