TN:
SF:src\app\store.ts
FNF:0
FNH:0
DA:5,0
LF:1
LH:0
BRF:0
BRH:0
end_of_record
TN:
SF:src\features\cart\cartSlice.ts
FN:25,(anonymous_0)
FN:36,(anonymous_1)
FN:43,(anonymous_2)
FN:46,(anonymous_3)
FN:54,(anonymous_4)
FN:55,(anonymous_5)
FN:60,(anonymous_6)
FN:70,(anonymous_7)
FN:80,getNumItems
FN:90,(anonymous_9)
FN:91,(anonymous_10)
FN:102,(anonymous_11)
FN:103,(anonymous_12)
FN:104,(anonymous_13)
FNF:14
FNH:11
FNDA:2,(anonymous_0)
FNDA:1,(anonymous_1)
FNDA:1,(anonymous_2)
FNDA:1,(anonymous_3)
FNDA:1,(anonymous_4)
FNDA:0,(anonymous_5)
FNDA:0,(anonymous_6)
FNDA:0,(anonymous_7)
FNDA:2,getNumItems
FNDA:7,(anonymous_9)
FNDA:5,(anonymous_10)
FNDA:10,(anonymous_11)
FNDA:10,(anonymous_12)
FNDA:7,(anonymous_13)
DA:17,1
DA:23,1
DA:26,2
DA:27,2
DA:28,2
DA:29,0
DA:32,1
DA:37,1
DA:38,0
DA:40,1
DA:44,1
DA:50,1
DA:51,1
DA:55,1
DA:56,0
DA:58,1
DA:61,0
DA:62,0
DA:63,0
DA:64,0
DA:66,0
DA:70,1
DA:71,0
DA:72,0
DA:77,1
DA:81,2
DA:82,2
DA:83,2
DA:84,2
DA:86,2
DA:89,1
DA:90,7
DA:92,5
DA:93,5
DA:94,5
DA:95,7
DA:97,5
DA:101,1
DA:102,10
DA:103,10
DA:105,7
DA:106,7
DA:107,11
DA:109,7
LF:44
LH:34
BRDA:37,0,0,0
BRDA:37,0,1,1
BRDA:62,1,0,0
BRDA:62,1,1,0
BRDA:72,2,0,0
BRDA:72,2,1,0
BRF:6
BRH:1
end_of_record
